echo hello
export
unset TERM
exit
unset _
env
unset P9K_SSH
env
unset LESS
env
unset SECURITYSESSIONID
env
exit
unset SECURITYSESSIONID
env
unset SECURITYSESSIONID
env
unset SECURITYSESSIONID
env
unset SECURITYSESSIONID
uns hgdl
unset SECURITYSESSIONID
unset SECURITYSESSIONID
env
unset SECURITYSESSIONID
export
unset SECURITYSESSIONID
env
unset SECURITYSESSIONID
env
exit
unset _
env
unset void    remove_from_list(t_envnode *mini_env, char *key)
{
    t_envnode   *curr;
    t_envnode   *temp;
    int     len;

    curr = mini_env;
    len = ft_strlen((key) + 1);
    if (delete_first_node(&mini_env, curr, key))
        return;
    // printf("curr->content%s\n", curr->key);
    while (curr && ft_strncmp(curr->key, key, len + 1))
    {
        temp = curr;
        curr = curr->next;
        printf("4\n");
    }
    if(!ft_strncmp(curr->key, key, len + 1))
    {
        temp->next = curr->next;
        free (curr->key);
        free (curr->value);
        curr->key = NULL;
        curr->value = NULL;
        free (curr);
        curr = NULL;
    }
    else
        return;
}

int delete_first_node(t_envnode **head, t_envnode *curr, char *key)
{
    if (head == NULL)
    {
        printf("env is empty. Cannot remove node.\n");
        return(0);
    }
    if (ft_strcmp(curr->key, key) == 0)
    {
        printf("are we here\n");
        curr = *head;
        (*head) = (*head)->next;
        printf("curr->next->key------ %s\n", curr->next->key);
        printf("head------ %s\n", (*head)->key);

        // free(curr->key);
        // free(curr->value);
        // free(curr);
        // printf("3\n");
        return
unset SECURITYSESSIONID
env
unset SECURITYSESSIONID
env
unset _
env
exit
unset _
env
env
unset USER
env
unset LANG
env
exit
unset _
env
unset vio
env
unset P9K_SSH
unset P9K_SSH
env
unset XPC_SERVICE_NAME
env
unset XPC_SERVICE_NAME
unset hello
unset hello
env
unset P9K_SSH
env
unset LESS
env
unset USER
env
unset P9K_SSH
env
unset vio
unset vio
unset vio
unset vio
unset vio
unset vio
unset vio
unset vio
unset vio
unset vio
unset vio
env
unset P9K_SSH
env
unset _
env
unset SECURITYSESSIONID
env
unset SECURITYSESSIONID
env
export hello
export
env
export hgf
export
env
exit
export hello
env
./minishell 
export nikki
export nikki=vio
env
export hello
export
env
export hello
export
env
env
export hello
env
exit
export
export hello
env
export hello
env
export hello
env
export hello
env
export
env
exit
env
unset TERM_PROGRAM
env
unset TERM
unset TERM
unset TERM
unset TERM
eixt
exit
unset TERM
exit
unset TERM
exit
unset TERM
exit
unset TERM
env
exit
unset TERM
exit
unset TERM
exit
unset TERM
exit
unset TERM
exit
unset TERM
env
exit
unset TERM
exit
unset TERM
exit
unset TERM
env
exit
unset TERM_PROGRAM
exit
unset TERM_PROGRAM
unset TERM_PROGRAM
env
unset TERM_PROGRAM
env
env
export
export hello
env
exit
env
make
cd ..
